[2.506s] Invoking command in '/home/enmac/ROS/ROS/ros2_ws/build/my_first_pkg': PYTHONPATH=/home/enmac/ROS/ROS/ros2_ws/build/my_first_pkg/prefix_override:/usr/lib/python3/dist-packages/colcon_core/task/python/colcon_distutils_commands:/home/enmac/ROS/ROS/ros2_ws/install/my_first_pkg/lib/python3.10/site-packages:${PYTHONPATH} /usr/bin/python3 -W ignore:setup.py install is deprecated -W ignore:easy_install command is deprecated setup.py develop --editable --build-directory /home/enmac/ROS/ROS/ros2_ws/build/my_first_pkg/build --no-deps symlink_data
[3.650s] running develop
[4.383s] running egg_info
[4.384s] creating my_first_pkg.egg-info
[4.384s] writing my_first_pkg.egg-info/PKG-INFO
[4.385s] writing dependency_links to my_first_pkg.egg-info/dependency_links.txt
[4.386s] writing entry points to my_first_pkg.egg-info/entry_points.txt
[4.386s] writing requirements to my_first_pkg.egg-info/requires.txt
[4.387s] writing top-level names to my_first_pkg.egg-info/top_level.txt
[4.387s] writing manifest file 'my_first_pkg.egg-info/SOURCES.txt'
[4.393s] reading manifest file 'my_first_pkg.egg-info/SOURCES.txt'
[4.395s] writing manifest file 'my_first_pkg.egg-info/SOURCES.txt'
[4.400s] running build_ext
[4.401s] Creating /home/enmac/ROS/ROS/ros2_ws/install/my_first_pkg/lib/python3.10/site-packages/my-first-pkg.egg-link (link to .)
[4.404s] Installing listener script to /home/enmac/ROS/ROS/ros2_ws/install/my_first_pkg/lib/my_first_pkg
[4.405s] Installing talker script to /home/enmac/ROS/ROS/ros2_ws/install/my_first_pkg/lib/my_first_pkg
[4.406s] 
[4.406s] Installed /home/enmac/ROS/ROS/ros2_ws/build/my_first_pkg
[4.407s] running symlink_data
[4.408s] creating /home/enmac/ROS/ROS/ros2_ws/install/my_first_pkg/share
[4.408s] creating /home/enmac/ROS/ROS/ros2_ws/install/my_first_pkg/share/ament_index
[4.408s] creating /home/enmac/ROS/ROS/ros2_ws/install/my_first_pkg/share/ament_index/resource_index
[4.409s] creating /home/enmac/ROS/ROS/ros2_ws/install/my_first_pkg/share/ament_index/resource_index/packages
[4.409s] symbolically linking /home/enmac/ROS/ROS/ros2_ws/build/my_first_pkg/resource/my_first_pkg -> /home/enmac/ROS/ROS/ros2_ws/install/my_first_pkg/share/ament_index/resource_index/packages
[4.409s] creating /home/enmac/ROS/ROS/ros2_ws/install/my_first_pkg/share/my_first_pkg
[4.409s] symbolically linking /home/enmac/ROS/ROS/ros2_ws/build/my_first_pkg/package.xml -> /home/enmac/ROS/ROS/ros2_ws/install/my_first_pkg/share/my_first_pkg
[4.410s] creating /home/enmac/ROS/ROS/ros2_ws/install/my_first_pkg/share/my_first_pkg/launch
[4.410s] symbolically linking /home/enmac/ROS/ROS/ros2_ws/build/my_first_pkg/launch/talker_listener_launch.xml -> /home/enmac/ROS/ROS/ros2_ws/install/my_first_pkg/share/my_first_pkg/launch
[4.493s] Invoked command in '/home/enmac/ROS/ROS/ros2_ws/build/my_first_pkg' returned '0': PYTHONPATH=/home/enmac/ROS/ROS/ros2_ws/build/my_first_pkg/prefix_override:/usr/lib/python3/dist-packages/colcon_core/task/python/colcon_distutils_commands:/home/enmac/ROS/ROS/ros2_ws/install/my_first_pkg/lib/python3.10/site-packages:${PYTHONPATH} /usr/bin/python3 -W ignore:setup.py install is deprecated -W ignore:easy_install command is deprecated setup.py develop --editable --build-directory /home/enmac/ROS/ROS/ros2_ws/build/my_first_pkg/build --no-deps symlink_data
