[0.454s] DEBUG:colcon:Command line arguments: ['/usr/bin/colcon', 'build', '--symlink-install']
[0.454s] DEBUG:colcon:Parsed command line arguments: Namespace(log_base=None, log_level=None, verb_name='build', build_base='build', install_base='install', merge_install=False, symlink_install=True, test_result_base=None, continue_on_error=False, executor='parallel', parallel_workers=6, event_handlers=None, ignore_user_meta=False, metas=['./colcon.meta'], base_paths=['.'], packages_ignore=None, packages_ignore_regex=None, paths=None, packages_up_to=None, packages_up_to_regex=None, packages_above=None, packages_above_and_dependencies=None, packages_above_depth=None, packages_select_by_dep=None, packages_skip_by_dep=None, packages_skip_up_to=None, packages_select_build_failed=False, packages_skip_build_finished=False, packages_select_test_failures=False, packages_skip_test_passed=False, packages_select=None, packages_skip=None, packages_select_regex=None, packages_skip_regex=None, packages_start=None, packages_end=None, allow_overriding=[], mixin_files=None, mixin=None, verb_parser=<colcon_mixin.mixin.mixin_argument.MixinArgumentDecorator object at 0x7f7c24260dc0>, verb_extension=<colcon_core.verb.build.BuildVerb object at 0x7f7c242608b0>, main=<bound method BuildVerb.main of <colcon_core.verb.build.BuildVerb object at 0x7f7c242608b0>>, mixin_verb=('build',))
[1.206s] Level 1:colcon.colcon_core.package_discovery:discover_packages(colcon_meta) check parameters
[1.207s] Level 1:colcon.colcon_core.package_discovery:discover_packages(recursive) check parameters
[1.207s] Level 1:colcon.colcon_core.package_discovery:discover_packages(ignore) check parameters
[1.207s] Level 1:colcon.colcon_core.package_discovery:discover_packages(path) check parameters
[1.207s] Level 1:colcon.colcon_core.package_discovery:discover_packages(colcon_meta) discover
[1.207s] Level 1:colcon.colcon_core.package_discovery:discover_packages(recursive) discover
[1.208s] INFO:colcon.colcon_core.package_discovery:Crawling recursively for packages in '/home/enmac/ROS/ROS/ros2_ws'
[1.208s] Level 1:colcon.colcon_core.package_identification:_identify(.) by extensions ['ignore']
[1.209s] Level 1:colcon.colcon_core.package_identification:_identify(.) by extension 'ignore'
[1.209s] Level 1:colcon.colcon_core.package_identification:_identify(.) by extensions ['colcon_pkg']
[1.209s] Level 1:colcon.colcon_core.package_identification:_identify(.) by extension 'colcon_pkg'
[1.210s] Level 1:colcon.colcon_core.package_identification:_identify(.) by extensions ['colcon_meta']
[1.210s] Level 1:colcon.colcon_core.package_identification:_identify(.) by extension 'colcon_meta'
[1.210s] Level 1:colcon.colcon_core.package_identification:_identify(.) by extensions ['python']
[1.210s] Level 1:colcon.colcon_core.package_identification:_identify(.) by extension 'python'
[1.210s] Level 1:colcon.colcon_core.package_identification:_identify(.) by extensions ['python_setup_py']
[1.210s] Level 1:colcon.colcon_core.package_identification:_identify(.) by extension 'python_setup_py'
[1.211s] Level 1:colcon.colcon_core.package_identification:_identify(build) by extensions ['ignore']
[1.211s] Level 1:colcon.colcon_core.package_identification:_identify(build) by extension 'ignore'
[1.211s] Level 1:colcon.colcon_core.package_identification:_identify(build) ignored
[1.212s] Level 1:colcon.colcon_core.package_identification:_identify(install) by extensions ['ignore']
[1.212s] Level 1:colcon.colcon_core.package_identification:_identify(install) by extension 'ignore'
[1.212s] Level 1:colcon.colcon_core.package_identification:_identify(install) ignored
[1.213s] Level 1:colcon.colcon_core.package_identification:_identify(log) by extensions ['ignore']
[1.213s] Level 1:colcon.colcon_core.package_identification:_identify(log) by extension 'ignore'
[1.213s] Level 1:colcon.colcon_core.package_identification:_identify(log) ignored
[1.213s] Level 1:colcon.colcon_core.package_identification:_identify(src) by extensions ['ignore']
[1.214s] Level 1:colcon.colcon_core.package_identification:_identify(src) by extension 'ignore'
[1.214s] Level 1:colcon.colcon_core.package_identification:_identify(src) by extensions ['colcon_pkg']
[1.214s] Level 1:colcon.colcon_core.package_identification:_identify(src) by extension 'colcon_pkg'
[1.214s] Level 1:colcon.colcon_core.package_identification:_identify(src) by extensions ['colcon_meta']
[1.215s] Level 1:colcon.colcon_core.package_identification:_identify(src) by extension 'colcon_meta'
[1.215s] Level 1:colcon.colcon_core.package_identification:_identify(src) by extensions ['python']
[1.215s] Level 1:colcon.colcon_core.package_identification:_identify(src) by extension 'python'
[1.215s] Level 1:colcon.colcon_core.package_identification:_identify(src) by extensions ['python_setup_py']
[1.215s] Level 1:colcon.colcon_core.package_identification:_identify(src) by extension 'python_setup_py'
[1.216s] Level 1:colcon.colcon_core.package_identification:_identify(src/my_first_pkg) by extensions ['ignore']
[1.216s] Level 1:colcon.colcon_core.package_identification:_identify(src/my_first_pkg) by extension 'ignore'
[1.216s] Level 1:colcon.colcon_core.package_identification:_identify(src/my_first_pkg) by extensions ['colcon_pkg']
[1.216s] Level 1:colcon.colcon_core.package_identification:_identify(src/my_first_pkg) by extension 'colcon_pkg'
[1.216s] Level 1:colcon.colcon_core.package_identification:_identify(src/my_first_pkg) by extensions ['colcon_meta']
[1.217s] Level 1:colcon.colcon_core.package_identification:_identify(src/my_first_pkg) by extension 'colcon_meta'
[1.217s] Level 1:colcon.colcon_core.package_identification:_identify(src/my_first_pkg) by extensions ['python']
[1.217s] Level 1:colcon.colcon_core.package_identification:_identify(src/my_first_pkg) by extension 'python'
[1.217s] DEBUG:colcon.colcon_core.package_identification:Python package in 'src/my_first_pkg' passes arguments to the setup() function which requires a different identification extension than 'python'
[1.218s] Level 1:colcon.colcon_core.package_identification:_identify(src/my_first_pkg) by extensions ['python_setup_py']
[1.218s] Level 1:colcon.colcon_core.package_identification:_identify(src/my_first_pkg) by extension 'python_setup_py'
[2.296s] DEBUG:colcon.colcon_core.package_identification:Package 'src/my_first_pkg' with type 'python' and name 'my_first_pkg'
[2.296s] Level 1:colcon.colcon_core.package_discovery:discover_packages(recursive) using defaults
[2.297s] Level 1:colcon.colcon_core.package_discovery:discover_packages(ignore) discover
[2.297s] Level 1:colcon.colcon_core.package_discovery:discover_packages(ignore) using defaults
[2.297s] Level 1:colcon.colcon_core.package_discovery:discover_packages(path) discover
[2.297s] Level 1:colcon.colcon_core.package_discovery:discover_packages(path) using defaults
[2.378s] Level 1:colcon.colcon_core.package_discovery:discover_packages(prefix_path) check parameters
[2.379s] Level 1:colcon.colcon_core.package_discovery:discover_packages(prefix_path) discover
[2.382s] DEBUG:colcon.colcon_installed_package_information.package_discovery:Found 0 installed packages in /home/enmac/ROS/ROS/ros2_ws/install
[2.382s] Level 1:colcon.colcon_core.package_discovery:discover_packages(prefix_path) using defaults
[2.385s] DEBUG:colcon.colcon_core.verb:Building package 'my_first_pkg' with the following arguments: {'build_base': '/home/enmac/ROS/ROS/ros2_ws/build/my_first_pkg', 'install_base': '/home/enmac/ROS/ROS/ros2_ws/install/my_first_pkg', 'merge_install': False, 'path': '/home/enmac/ROS/ROS/ros2_ws/src/my_first_pkg', 'symlink_install': True, 'test_result_base': None}
[2.385s] INFO:colcon.colcon_core.executor:Executing jobs using 'parallel' executor
[2.389s] DEBUG:colcon.colcon_parallel_executor.executor.parallel:run_until_complete
[2.389s] INFO:colcon.colcon_core.task.python.build:Building Python package in '/home/enmac/ROS/ROS/ros2_ws/src/my_first_pkg'
[2.398s] INFO:colcon.colcon_core.plugin_system:Skipping extension 'colcon_core.shell.bat': Not used on non-Windows systems
[2.399s] INFO:colcon.colcon_core.shell:Skip shell extension 'powershell' for command environment: Not usable outside of PowerShell
[2.399s] DEBUG:colcon.colcon_core.shell:Skip shell extension 'dsv' for command environment
[4.897s] DEBUG:colcon.colcon_core.event_handler.log_command:Invoking command in '/home/enmac/ROS/ROS/ros2_ws/build/my_first_pkg': PYTHONPATH=/home/enmac/ROS/ROS/ros2_ws/build/my_first_pkg/prefix_override:/usr/lib/python3/dist-packages/colcon_core/task/python/colcon_distutils_commands:/home/enmac/ROS/ROS/ros2_ws/install/my_first_pkg/lib/python3.10/site-packages:${PYTHONPATH} /usr/bin/python3 -W ignore:setup.py install is deprecated -W ignore:easy_install command is deprecated setup.py develop --editable --build-directory /home/enmac/ROS/ROS/ros2_ws/build/my_first_pkg/build --no-deps symlink_data
[6.881s] Level 1:colcon.colcon_core.shell:create_environment_hook('my_first_pkg', 'pythonpath_develop')
[6.882s] INFO:colcon.colcon_core.shell:Creating environment hook '/home/enmac/ROS/ROS/ros2_ws/build/my_first_pkg/share/my_first_pkg/hook/pythonpath_develop.ps1'
[6.885s] DEBUG:colcon.colcon_core.event_handler.log_command:Invoked command in '/home/enmac/ROS/ROS/ros2_ws/build/my_first_pkg' returned '0': PYTHONPATH=/home/enmac/ROS/ROS/ros2_ws/build/my_first_pkg/prefix_override:/usr/lib/python3/dist-packages/colcon_core/task/python/colcon_distutils_commands:/home/enmac/ROS/ROS/ros2_ws/install/my_first_pkg/lib/python3.10/site-packages:${PYTHONPATH} /usr/bin/python3 -W ignore:setup.py install is deprecated -W ignore:easy_install command is deprecated setup.py develop --editable --build-directory /home/enmac/ROS/ROS/ros2_ws/build/my_first_pkg/build --no-deps symlink_data
[6.886s] INFO:colcon.colcon_core.shell:Creating environment descriptor '/home/enmac/ROS/ROS/ros2_ws/build/my_first_pkg/share/my_first_pkg/hook/pythonpath_develop.dsv'
[6.888s] INFO:colcon.colcon_core.shell:Creating environment hook '/home/enmac/ROS/ROS/ros2_ws/build/my_first_pkg/share/my_first_pkg/hook/pythonpath_develop.sh'
[6.898s] Level 1:colcon.colcon_core.environment:checking '/home/enmac/ROS/ROS/ros2_ws/install/my_first_pkg/lib'
[6.899s] Level 1:colcon.colcon_core.environment:checking '/home/enmac/ROS/ROS/ros2_ws/install/my_first_pkg/bin'
[6.899s] Level 1:colcon.colcon_core.environment:checking '/home/enmac/ROS/ROS/ros2_ws/install/my_first_pkg/lib/pkgconfig/my_first_pkg.pc'
[6.900s] Level 1:colcon.colcon_core.environment:checking '/home/enmac/ROS/ROS/ros2_ws/install/my_first_pkg/lib/python3.10/site-packages'
[6.900s] Level 1:colcon.colcon_core.shell:create_environment_hook('my_first_pkg', 'pythonpath')
[6.901s] INFO:colcon.colcon_core.shell:Creating environment hook '/home/enmac/ROS/ROS/ros2_ws/install/my_first_pkg/share/my_first_pkg/hook/pythonpath.ps1'
[6.903s] INFO:colcon.colcon_core.shell:Creating environment descriptor '/home/enmac/ROS/ROS/ros2_ws/install/my_first_pkg/share/my_first_pkg/hook/pythonpath.dsv'
[6.904s] INFO:colcon.colcon_core.shell:Creating environment hook '/home/enmac/ROS/ROS/ros2_ws/install/my_first_pkg/share/my_first_pkg/hook/pythonpath.sh'
[6.907s] Level 1:colcon.colcon_core.environment:checking '/home/enmac/ROS/ROS/ros2_ws/install/my_first_pkg/bin'
[6.907s] Level 1:colcon.colcon_core.environment:create_environment_scripts_only(my_first_pkg)
[6.908s] INFO:colcon.colcon_core.shell:Creating package script '/home/enmac/ROS/ROS/ros2_ws/install/my_first_pkg/share/my_first_pkg/package.ps1'
[6.912s] INFO:colcon.colcon_core.shell:Creating package descriptor '/home/enmac/ROS/ROS/ros2_ws/install/my_first_pkg/share/my_first_pkg/package.dsv'
[6.914s] INFO:colcon.colcon_core.shell:Creating package script '/home/enmac/ROS/ROS/ros2_ws/install/my_first_pkg/share/my_first_pkg/package.sh'
[6.918s] INFO:colcon.colcon_core.shell:Creating package script '/home/enmac/ROS/ROS/ros2_ws/install/my_first_pkg/share/my_first_pkg/package.bash'
[6.921s] INFO:colcon.colcon_core.shell:Creating package script '/home/enmac/ROS/ROS/ros2_ws/install/my_first_pkg/share/my_first_pkg/package.zsh'
[6.924s] Level 1:colcon.colcon_core.environment:create_file_with_runtime_dependencies(/home/enmac/ROS/ROS/ros2_ws/install/my_first_pkg/share/colcon-core/packages/my_first_pkg)
[6.926s] DEBUG:colcon.colcon_parallel_executor.executor.parallel:closing loop
[6.927s] DEBUG:colcon.colcon_parallel_executor.executor.parallel:loop closed
[6.927s] DEBUG:colcon.colcon_parallel_executor.executor.parallel:run_until_complete finished with '0'
[6.927s] DEBUG:colcon.colcon_core.event_reactor:joining thread
[6.950s] INFO:colcon.colcon_core.plugin_system:Skipping extension 'colcon_notification.desktop_notification.terminal_notifier': Not used on non-Darwin systems
[6.950s] INFO:colcon.colcon_core.plugin_system:Skipping extension 'colcon_notification.desktop_notification.win32': Not used on non-Windows systems
[6.951s] INFO:colcon.colcon_notification.desktop_notification:Sending desktop notification using 'notify2'
[6.994s] DEBUG:colcon.colcon_core.event_reactor:joined thread
[6.995s] INFO:colcon.colcon_core.shell:Creating prefix script '/home/enmac/ROS/ROS/ros2_ws/install/local_setup.ps1'
[6.999s] INFO:colcon.colcon_core.shell:Creating prefix util module '/home/enmac/ROS/ROS/ros2_ws/install/_local_setup_util_ps1.py'
[7.005s] INFO:colcon.colcon_core.shell:Creating prefix chain script '/home/enmac/ROS/ROS/ros2_ws/install/setup.ps1'
[7.008s] INFO:colcon.colcon_core.shell:Creating prefix script '/home/enmac/ROS/ROS/ros2_ws/install/local_setup.sh'
[7.011s] INFO:colcon.colcon_core.shell:Creating prefix util module '/home/enmac/ROS/ROS/ros2_ws/install/_local_setup_util_sh.py'
[7.013s] INFO:colcon.colcon_core.shell:Creating prefix chain script '/home/enmac/ROS/ROS/ros2_ws/install/setup.sh'
[7.016s] INFO:colcon.colcon_core.shell:Creating prefix script '/home/enmac/ROS/ROS/ros2_ws/install/local_setup.bash'
[7.018s] INFO:colcon.colcon_core.shell:Creating prefix chain script '/home/enmac/ROS/ROS/ros2_ws/install/setup.bash'
[7.021s] INFO:colcon.colcon_core.shell:Creating prefix script '/home/enmac/ROS/ROS/ros2_ws/install/local_setup.zsh'
[7.023s] INFO:colcon.colcon_core.shell:Creating prefix chain script '/home/enmac/ROS/ROS/ros2_ws/install/setup.zsh'
